Build started 19.06.2017 13:55:29.
     1>Project "E:\1\111\Femsolve\Femsolve\Femsolve.vcxproj" on node 2 (build target(s)).
     1>InitializeBuildStatus:
         Creating "Debug\Femsolve.unsuccessfulbuild" because "AlwaysCreate" was specified.
       ClCompile:
         C:\Program Files\Microsoft Visual Studio 10.0\VC\bin\CL.exe /c /ZI /nologo /W3 /WX- /Od /Oy- /D WIN32 /D _DEBUG /D _CONSOLE /D _UNICODE /D UNICODE /Gm /EHsc /RTC1 /MDd /GS /fp:precise /Zc:wchar_t /Zc:forScope /Fo"Debug\\" /Fd"Debug\vc100.pdb" /Gd /TP /analyze- /errorReport:prompt Element.cpp FEMAlgo.cpp
         FEMAlgo.cpp
     1>e:\1\111\femsolve\femsolve\femalgo.cpp(200): warning C4996: 'getch': The POSIX name for this item is deprecated. Instead, use the ISO C++ conformant name: _getch. See online help for details.
                 c:\program files\microsoft visual studio 10.0\vc\include\conio.h(128) : see declaration of 'getch'
         Element.cpp
         Generating Code...
       ManifestResourceCompile:
         All outputs are up-to-date.
       Link:
         C:\Program Files\Microsoft Visual Studio 10.0\VC\bin\link.exe /ERRORREPORT:PROMPT /OUT:"E:\1\111\Femsolve\Debug\Femsolve.exe" /INCREMENTAL /NOLOGO kernel32.lib user32.lib gdi32.lib winspool.lib comdlg32.lib advapi32.lib shell32.lib ole32.lib oleaut32.lib uuid.lib odbc32.lib odbccp32.lib /MANIFEST /ManifestFile:"Debug\Femsolve.exe.intermediate.manifest" /MANIFESTUAC:"level='asInvoker' uiAccess='false'" /DEBUG /PDB:"E:\1\111\Femsolve\Debug\Femsolve.pdb" /SUBSYSTEM:CONSOLE /TLBID:1 /DYNAMICBASE /NXCOMPAT /IMPLIB:"E:\1\111\Femsolve\Debug\Femsolve.lib" /MACHINE:X86 Debug\Femsolve.exe.embed.manifest.res
         Debug\Element.obj
         Debug\FEMAlgo.obj
       Manifest:
         C:\Program Files\Microsoft SDKs\Windows\v7.0A\bin\mt.exe /nologo /verbose /out:"Debug\Femsolve.exe.embed.manifest" /manifest Debug\Femsolve.exe.intermediate.manifest
         All outputs are up-to-date.
       LinkEmbedManifest:
         All outputs are up-to-date.
         Femsolve.vcxproj -> E:\1\111\Femsolve\Debug\Femsolve.exe
       FinalizeBuildStatus:
         Deleting file "Debug\Femsolve.unsuccessfulbuild".
         Touching "Debug\Femsolve.lastbuildstate".
     1>Done Building Project "E:\1\111\Femsolve\Femsolve\Femsolve.vcxproj" (build target(s)).

Build succeeded.

Time Elapsed 00:00:51.14
