Build started 17.06.2017 21:49:58.
     1>Project "E:\1\111\Femsolve\Femsolve\Femsolve.vcxproj" on node 2 (build target(s)).
     1>InitializeBuildStatus:
         Creating "Release\Femsolve.unsuccessfulbuild" because "AlwaysCreate" was specified.
       ClCompile:
         C:\Program Files\Microsoft Visual Studio 10.0\VC\bin\CL.exe /c /Zi /nologo /W3 /WX- /O2 /Oi /Oy- /GL /D WIN32 /D NDEBUG /D _CONSOLE /D _UNICODE /D UNICODE /Gm- /EHsc /MD /GS /Gy /fp:precise /Zc:wchar_t /Zc:forScope /Fo"Release\\" /Fd"Release\vc100.pdb" /Gd /TP /analyze- /errorReport:prompt FEMAlgo.cpp
         FEMAlgo.cpp
     1>FEMAlgo.cpp(194): warning C4996: 'getch': The POSIX name for this item is deprecated. Instead, use the ISO C++ conformant name: _getch. See online help for details.
                 C:\Program Files\Microsoft Visual Studio 10.0\VC\include\conio.h(128) : see declaration of 'getch'
       Link:
         C:\Program Files\Microsoft Visual Studio 10.0\VC\bin\link.exe /ERRORREPORT:PROMPT /OUT:"E:\1\111\Femsolve\Release\Femsolve.exe" /INCREMENTAL:NO /NOLOGO kernel32.lib user32.lib gdi32.lib winspool.lib comdlg32.lib advapi32.lib shell32.lib ole32.lib oleaut32.lib uuid.lib odbc32.lib odbccp32.lib /MANIFEST /ManifestFile:"Release\Femsolve.exe.intermediate.manifest" /MANIFESTUAC:"level='asInvoker' uiAccess='false'" /DEBUG /PDB:"E:\1\111\Femsolve\Release\Femsolve.pdb" /SUBSYSTEM:CONSOLE /OPT:REF /OPT:ICF /LTCG /TLBID:1 /DYNAMICBASE /NXCOMPAT /IMPLIB:"E:\1\111\Femsolve\Release\Femsolve.lib" /MACHINE:X86 Release\Element.obj
         Release\FEMAlgo.obj
         Generating code
         Finished generating code
         Femsolve.vcxproj -> E:\1\111\Femsolve\Release\Femsolve.exe
       Manifest:
         C:\Program Files\Microsoft SDKs\Windows\v7.0A\bin\mt.exe /nologo /verbose /outputresource:"E:\1\111\Femsolve\Release\Femsolve.exe;#1" /manifest Release\Femsolve.exe.intermediate.manifest
       FinalizeBuildStatus:
         Deleting file "Release\Femsolve.unsuccessfulbuild".
         Touching "Release\Femsolve.lastbuildstate".
     1>Done Building Project "E:\1\111\Femsolve\Femsolve\Femsolve.vcxproj" (build target(s)).

Build succeeded.

Time Elapsed 00:00:19.48
